⚠️  Possible match found on Accenture
⚠️  Possible match found on EY
⚠️  Possible match found on Oracle
⚠️  Possible match found on IBM
⚠️  Possible match found on Intone Networks
⚠️  Possible match found on Dash Hudson
⚠️  Possible match found on TD Bank
⚠️  Possible match found on Deloitte
⚠️  Possible match found on Scotiabank
⚠️  Possible match found on CarteNav Solutions
⚠️  Possible match found on Accenture
⚠️  Possible match found on Oracle
⚠️  Possible match found on EY
⚠️  Possible match found on IBM
⚠️  Possible match found on Dash Hudson
⚠️  Possible match found on Intone Networks
⚠️  Possible match found on Deloitte
⚠️  Possible match found on Scotiabank
⚠️  Possible match found on CarteNav Solutions
⚠️  Possible match found on TD Bank
⚠️  Possible match found on Accenture → https://www.accenture.com/ca-en/careers/jobsearch
⚠️  Possible match found on Oracle → https://www.oracle.com/corporate/careers/
⚠️  Possible match found on IBM → https://www.ibm.com/ca-en/employment/
⚠️  Possible match found on EY → https://careers.ey.com/ey/search/?q=devops&locationsearch=halifax
⚠️  Possible match found on Dash Hudson → https://www.dashhudson.com/careers
⚠️  Possible match found on CarteNav Solutions → https://www.cartenav.com/careers/
⚠️  Possible match found on TD Bank → https://jobs.td.com/en-CA/search-results/
⚠️  Possible match found on Intone Networks → https://www.intonenetworks.com/careers/
⚠️  Possible match found on Deloitte → https://careers.deloitte.ca/search/?q=devops
⚠️  Possible match found on Scotiabank → https://jobs.scotiabank.com/search/?q=devops
⚠️  Possible match found on Accenture → https://www.accenture.com/ca-en/careers/jobsearch
⚠️  Possible match found on Oracle → https://www.oracle.com/corporate/careers/
⚠️  Possible match found on IBM → https://www.ibm.com/ca-en/employment/
⚠️  Possible match found on EY → https://careers.ey.com/ey/search/?q=devops&locationsearch=halifax
⚠️  Possible match found on Intone Networks → https://www.intonenetworks.com/careers/
⚠️  Possible match found on Dash Hudson → https://www.dashhudson.com/careers
⚠️  Possible match found on TD Bank → https://jobs.td.com/en-CA/search-results/
⚠️  Possible match found on CarteNav Solutions → https://www.cartenav.com/careers/
⚠️  Possible match found on Scotiabank → https://jobs.scotiabank.com/search/?q=devops
⚠️  Possible match found on Deloitte → https://careers.deloitte.ca/search/?q=devops
⚠️  Possible match found on Accenture → https://www.accenture.com/ca-en/careers/jobsearch
⚠️  Possible match found on Oracle → https://www.oracle.com/corporate/careers/
⚠️  Possible match found on IBM → https://www.ibm.com/ca-en/employment/
⚠️  Possible match found on EY → https://careers.ey.com/ey/search/?q=devops&locationsearch=halifax
⚠️  Possible match found on Intone Networks → https://www.intonenetworks.com/careers/
⚠️  Possible match found on Dash Hudson → https://www.dashhudson.com/careers
⚠️  Possible match found on TD Bank → https://jobs.td.com/en-CA/search-results/
⚠️  Possible match found on Deloitte → https://careers.deloitte.ca/search/?q=devops
⚠️  Possible match found on Scotiabank → https://jobs.scotiabank.com/search/?q=devops
⚠️  Possible match found on CarteNav Solutions → https://www.cartenav.com/careers/
